<?xml version="1.0" encoding="UTF-8"?>
<!-- Generated by org.testng.reporters.JUnitReportReporter -->
<testsuite hostname="DESKTOP-GGO0OUM" failures="0" tests="2" name="Demo.APKInstall" time="26.460" errors="0" timestamp="2024-07-15T00:36:54 EDT" skipped="0">
  <testcase classname="Demo.APKInstall" name="testAutoLoginSkip" time="8.799"/>
  <testcase classname="Demo.APKInstall" name="sortRestaurant" time="17.661"/>
</testsuite> <!-- Demo.APKInstall -->
